Thu Jul 02 17:06:23 EDT 2015 : Apache Derby Network Server - 10.10.2.0 - (1582446) started and ready to accept connections on port 1527
----------------------------------------------------------------
Thu Jul 02 17:12:55 EDT 2015:
Booting Derby version The Apache Software Foundation - Apache Derby - 10.10.2.0 - (1582446): instance a816c00e-014e-5097-7fd6-fffff5c3f12f 
on database directory /Users/kenneththompson/Google Drive/Workspace/PVWebApp/PVWebApp/database/MovBee with class loader sun.misc.Launcher$AppClassLoader@1d44bcfa 
Loaded from file:/Applications/NetBeans/glassfish-4.1/javadb/lib/derby.jar
java.vendor=Oracle Corporation
java.runtime.version=1.8.0_45-b14
user.dir=/Applications/NetBeans/glassfish-4.1/javadb
os.name=Mac OS X
os.arch=x86_64
os.version=10.10.3
derby.system.home=/Users/kenneththompson/Google Drive/Workspace/PVWebApp/PVWebApp/database
Database Class Loader started - derby.database.classpath=''
----------------------------------------------------------------
Thu Jul 02 18:38:18 EDT 2015: Shutting down Derby engine
----------------------------------------------------------------
Thu Jul 02 18:38:18 EDT 2015:
Shutting down instance a816c00e-014e-5097-7fd6-fffff5c3f12f on database directory /Users/kenneththompson/Google Drive/Workspace/PVWebApp/PVWebApp/database/MovBee with class loader sun.misc.Launcher$AppClassLoader@1d44bcfa 
----------------------------------------------------------------
